CREATE TABLE companies (
    id INTEGER NOT NULL AUTO_INCREMENT PRIMARY KEY,
    name VARCHAR(255),
    establishment_date DATE,
    founder VARCHAR(255),
    create_at TIMESTAMP NOT NULL DEFAULT
    CURRENT_TIMESTAMP
) DEFAULT CHARACTER SET=utf8mb4;

INSERT INTO readings (
    title,
    creator,
    situation,
    points,
    impression
    ) VALUES (
    'umibemokahuka',
    'haruki murakami',
    'complete',
    '5',
    'goodverygood'





CREATE TABLE readings (
    id INTEGER NOT NULL AUTO_INCREMENT PRIMARY KEY,
    title VARCHAR(255),
    creator VARCHAR(100),
    situation VARCHAR(10),
    points INTEGER,
    impression VARCHAR(1000),
    create_at TIMESTAMP NOT NULL DEFAULT CURRENT_TIMESTAMP
) DEFAULT CHARACTER SET=utf8mb4;


INSERT INTO companies (
    name,
    establishment_date,
    founder
    ) VALUES (
        'merukari inc',
        'r2-09-05',
        'huka kobayasi'
